0.0 -1.4142   0.0000   1.4142
0.01 -1.4092  -0.0100   1.4192
0.02 -1.4042  -0.0200   1.4242
0.03 -1.3993  -0.0300   1.4293
0.04 -1.3944  -0.0400   1.4344
0.05 -1.3894  -0.0500   1.4394
0.06 -1.3845  -0.0600   1.4445
0.07 -1.3796  -0.0700   1.4496
0.08 -1.3748  -0.0800   1.4548
0.09 -1.3699  -0.0900   1.4599
0.1 -1.3651  -0.1000   1.4651
0.11 -1.3603  -0.1100   1.4703
0.12 -1.3555  -0.1200   1.4755
0.13 -1.3507  -0.1300   1.4807
0.14 -1.3459  -0.1400   1.4859
0.15 -1.3412  -0.1500   1.4912
0.16 -1.3365  -0.1600   1.4965
0.17 -1.3318  -0.1700   1.5018
0.18 -1.3271  -0.1800   1.5071
0.19 -1.3224  -0.1900   1.5124
0.2 -1.3177  -0.2000   1.5177
0.21 -1.3131  -0.2100   1.5231
0.22 -1.3085  -0.2200   1.5285
0.23 -1.3039  -0.2300   1.5339
0.24 -1.2993  -0.2400   1.5393
0.25 -1.2947  -0.2500   1.5447
0.26 -1.2902  -0.2600   1.5502
0.27 -1.2856  -0.2700   1.5556
0.28 -1.2811  -0.2800   1.5611
0.29 -1.2766  -0.2900   1.5666
0.3 -1.2721  -0.3000   1.5721
0.31 -1.2677  -0.3100   1.5777
0.32 -1.2632  -0.3200   1.5832
0.33 -1.2588  -0.3300   1.5888
0.34 -1.2544  -0.3400   1.5944
0.35 -1.2500  -0.3500   1.6000
0.36 -1.2456  -0.3600   1.6056
0.37 -1.2413  -0.3700   1.6113
0.38 -1.2369  -0.3800   1.6169
0.39 -1.2326  -0.3900   1.6226
0.4 -1.2283  -0.4000   1.6283
0.41 -1.2240  -0.4100   1.6340
0.42 -1.2197  -0.4200   1.6397
0.43 -1.2155  -0.4300   1.6455
0.44 -1.2112  -0.4400   1.6512
0.45 -1.2070  -0.4500   1.6570
0.46 -1.2028  -0.4600   1.6628
0.47 -1.1986  -0.4700   1.6686
0.48 -1.1944  -0.4800   1.6744
0.49 -1.1903  -0.4900   1.6803
0.5 -1.1861  -0.5000   1.6861
0.51 -1.1820  -0.5100   1.6920
0.52 -1.1779  -0.5200   1.6979
0.53 -1.1738  -0.5300   1.7038
0.54 -1.1698  -0.5400   1.7098
0.55 -1.1657  -0.5500   1.7157
0.56 -1.1617  -0.5600   1.7217
0.57 -1.1576  -0.5700   1.7276
0.58 -1.1536  -0.5800   1.7336
0.59 -1.1497  -0.5900   1.7397
0.6 -1.1457  -0.6000   1.7457
0.61 -1.1417  -0.6100   1.7517
0.62 -1.1378  -0.6200   1.7578
0.63 -1.1339  -0.6300   1.7639
0.64 -1.1300  -0.6400   1.7700
0.65 -1.1261  -0.6500   1.7761
0.66 -1.1222  -0.6600   1.7822
0.67 -1.1183  -0.6700   1.7883
0.68 -1.1145  -0.6800   1.7945
0.69 -1.1107  -0.6900   1.8007
0.7 -1.1069  -0.7000   1.8069
0.71 -1.1031  -0.7100   1.8131
0.72 -1.0993  -0.7200   1.8193
0.73 -1.0956  -0.7300   1.8256
0.74 -1.0918  -0.7400   1.8318
0.75 -1.0881  -0.7500   1.8381
0.76 -1.0844  -0.7600   1.8444
0.77 -1.0807  -0.7700   1.8507
0.78 -1.0770  -0.7800   1.8570
0.79 -1.0733  -0.7900   1.8633
0.8 -1.0697  -0.8000   1.8697
0.81 -1.0661  -0.8100   1.8761
0.82 -1.0624  -0.8200   1.8824
0.83 -1.0588  -0.8300   1.8888
0.84 -1.0553  -0.8400   1.8953
0.85 -1.0517  -0.8500   1.9017
0.86 -1.0481  -0.8600   1.9081
0.87 -1.0446  -0.8700   1.9146
0.88 -1.0411  -0.8800   1.9211
0.89 -1.0376  -0.8900   1.9276
0.9 -1.0341  -0.9000   1.9341
0.91 -1.0306  -0.9100   1.9406
0.92 -1.0271  -0.9200   1.9471
0.93 -1.0237  -0.9300   1.9537
0.94 -1.0203  -0.9400   1.9603
0.95 -1.0169  -0.9500   1.9669
0.96 -1.0135  -0.9600   1.9735
0.97 -1.0101  -0.9700   1.9801
0.98 -1.0067  -0.9800   1.9867
0.99 -1.0033  -0.9900   1.9933
